<?xml version="1.0" encoding="UTF-8"?>
<testsuite xmlns:xsi="http://www.w3.org/2001/XMLSchema-instance" xsi:noNamespaceSchemaLocation="https://maven.apache.org/surefire/maven-surefire-plugin/xsd/surefire-test-report.xsd" name="ch.bbw.junit5.CalculatorTest" time="0.038" tests="7" errors="0" skipped="0" failures="0">
  <properties>
    <property name="java.specification.version" value="14"/>
    <property name="sun.jnu.encoding" value="UTF-8"/>
    <property name="java.class.path" value="/Users/luigicavuoti/Documents/Daten-i-Schulen/i-schulung/module_2020/m226/2_phase_2/workspace_solutions/11_Calculator_junit/target/test-classes:/Users/luigicavuoti/Documents/Daten-i-Schulen/i-schulung/module_2020/m226/2_phase_2/workspace_solutions/11_Calculator_junit/target/classes:/Users/luigicavuoti/.m2/repository/org/junit/platform/junit-platform-launcher/1.7.1/junit-platform-launcher-1.7.1.jar:/Users/luigicavuoti/.m2/repository/org/apiguardian/apiguardian-api/1.1.0/apiguardian-api-1.1.0.jar:/Users/luigicavuoti/.m2/repository/org/junit/platform/junit-platform-engine/1.7.1/junit-platform-engine-1.7.1.jar:/Users/luigicavuoti/.m2/repository/org/opentest4j/opentest4j/1.2.0/opentest4j-1.2.0.jar:/Users/luigicavuoti/.m2/repository/org/junit/platform/junit-platform-commons/1.7.1/junit-platform-commons-1.7.1.jar:/Users/luigicavuoti/.m2/repository/junit/junit/4.13.2/junit-4.13.2.jar:/Users/luigicavuoti/.m2/repository/org/hamcrest/hamcrest-core/1.3/hamcrest-core-1.3.jar:/Users/luigicavuoti/.m2/repository/org/junit/jupiter/junit-jupiter-engine/5.7.0/junit-jupiter-engine-5.7.0.jar:/Users/luigicavuoti/.m2/repository/org/junit/jupiter/junit-jupiter-api/5.7.0/junit-jupiter-api-5.7.0.jar:/Users/luigicavuoti/.m2/repository/org/junit/vintage/junit-vintage-engine/5.7.1/junit-vintage-engine-5.7.1.jar:"/>
    <property name="java.vm.vendor" value="Oracle Corporation"/>
    <property name="sun.arch.data.model" value="64"/>
    <property name="java.vendor.url" value="https://java.oracle.com/"/>
    <property name="os.name" value="Mac OS X"/>
    <property name="java.vm.specification.version" value="14"/>
    <property name="sun.java.launcher" value="SUN_STANDARD"/>
    <property name="user.country" value="CH"/>
    <property name="sun.boot.library.path" value="/Library/Java/JavaVirtualMachines/jdk-14.0.2.jdk/Contents/Home/lib"/>
    <property name="sun.java.command" value="/Users/luigicavuoti/Documents/Daten-i-Schulen/i-schulung/module_2020/m226/2_phase_2/workspace_solutions/11_Calculator_junit/target/surefire/surefirebooter3645436348499966930.jar /Users/luigicavuoti/Documents/Daten-i-Schulen/i-schulung/module_2020/m226/2_phase_2/workspace_solutions/11_Calculator_junit/target/surefire 2021-03-14T22-02-30_288-jvmRun1 surefire5518504678037894897tmp surefire_03761215977475319884tmp"/>
    <property name="http.nonProxyHosts" value="local|*.local|169.254/16|*.169.254/16"/>
    <property name="jdk.debug" value="release"/>
    <property name="surefire.test.class.path" value="/Users/luigicavuoti/Documents/Daten-i-Schulen/i-schulung/module_2020/m226/2_phase_2/workspace_solutions/11_Calculator_junit/target/test-classes:/Users/luigicavuoti/Documents/Daten-i-Schulen/i-schulung/module_2020/m226/2_phase_2/workspace_solutions/11_Calculator_junit/target/classes:/Users/luigicavuoti/.m2/repository/org/junit/platform/junit-platform-launcher/1.7.1/junit-platform-launcher-1.7.1.jar:/Users/luigicavuoti/.m2/repository/org/apiguardian/apiguardian-api/1.1.0/apiguardian-api-1.1.0.jar:/Users/luigicavuoti/.m2/repository/org/junit/platform/junit-platform-engine/1.7.1/junit-platform-engine-1.7.1.jar:/Users/luigicavuoti/.m2/repository/org/opentest4j/opentest4j/1.2.0/opentest4j-1.2.0.jar:/Users/luigicavuoti/.m2/repository/org/junit/platform/junit-platform-commons/1.7.1/junit-platform-commons-1.7.1.jar:/Users/luigicavuoti/.m2/repository/junit/junit/4.13.2/junit-4.13.2.jar:/Users/luigicavuoti/.m2/repository/org/hamcrest/hamcrest-core/1.3/hamcrest-core-1.3.jar:/Users/luigicavuoti/.m2/repository/org/junit/jupiter/junit-jupiter-engine/5.7.0/junit-jupiter-engine-5.7.0.jar:/Users/luigicavuoti/.m2/repository/org/junit/jupiter/junit-jupiter-api/5.7.0/junit-jupiter-api-5.7.0.jar:/Users/luigicavuoti/.m2/repository/org/junit/vintage/junit-vintage-engine/5.7.1/junit-vintage-engine-5.7.1.jar:"/>
    <property name="sun.cpu.endian" value="little"/>
    <property name="user.home" value="/Users/luigicavuoti"/>
    <property name="user.language" value="de"/>
    <property name="java.specification.vendor" value="Oracle Corporation"/>
    <property name="java.version.date" value="2020-07-14"/>
    <property name="java.home" value="/Library/Java/JavaVirtualMachines/jdk-14.0.2.jdk/Contents/Home"/>
    <property name="file.separator" value="/"/>
    <property name="basedir" value="/Users/luigicavuoti/Documents/Daten-i-Schulen/i-schulung/module_2020/m226/2_phase_2/workspace_solutions/11_Calculator_junit"/>
    <property name="java.vm.compressedOopsMode" value="Zero based"/>
    <property name="line.separator" value="&#10;"/>
    <property name="java.specification.name" value="Java Platform API Specification"/>
    <property name="java.vm.specification.vendor" value="Oracle Corporation"/>
    <property name="surefire.real.class.path" value="/Users/luigicavuoti/Documents/Daten-i-Schulen/i-schulung/module_2020/m226/2_phase_2/workspace_solutions/11_Calculator_junit/target/surefire/surefirebooter3645436348499966930.jar"/>
    <property name="sun.management.compiler" value="HotSpot 64-Bit Tiered Compilers"/>
    <property name="ftp.nonProxyHosts" value="local|*.local|169.254/16|*.169.254/16"/>
    <property name="java.runtime.version" value="14.0.2+12-46"/>
    <property name="user.name" value="luigicavuoti"/>
    <property name="path.separator" value=":"/>
    <property name="os.version" value="10.16"/>
    <property name="java.runtime.name" value="Java(TM) SE Runtime Environment"/>
    <property name="file.encoding" value="UTF-8"/>
    <property name="java.vm.name" value="Java HotSpot(TM) 64-Bit Server VM"/>
    <property name="localRepository" value="/Users/luigicavuoti/.m2/repository"/>
    <property name="java.vendor.url.bug" value="https://bugreport.java.com/bugreport/"/>
    <property name="java.io.tmpdir" value="/var/folders/dg/s_cnn3kx4jj6rs53r9yn75kh0000gn/T/"/>
    <property name="java.version" value="14.0.2"/>
    <property name="user.dir" value="/Users/luigicavuoti/Documents/Daten-i-Schulen/i-schulung/module_2020/m226/2_phase_2/workspace_solutions/11_Calculator_junit"/>
    <property name="os.arch" value="x86_64"/>
    <property name="java.vm.specification.name" value="Java Virtual Machine Specification"/>
    <property name="java.library.path" value="/Users/luigicavuoti/Library/Java/Extensions:/Library/Java/Extensions:/Network/Library/Java/Extensions:/System/Library/Java/Extensions:/usr/lib/java:."/>
    <property name="java.vm.info" value="mixed mode, sharing"/>
    <property name="java.vendor" value="Oracle Corporation"/>
    <property name="java.vm.version" value="14.0.2+12-46"/>
    <property name="sun.io.unicode.encoding" value="UnicodeBig"/>
    <property name="socksNonProxyHosts" value="local|*.local|169.254/16|*.169.254/16"/>
    <property name="java.class.version" value="58.0"/>
  </properties>
  <testcase name="testAdd" classname="ch.bbw.junit5.CalculatorTest" time="0.018"/>
  <testcase name="testMultiply" classname="ch.bbw.junit5.CalculatorTest" time="0"/>
  <testcase name="testMultiplyWithZero[1]" classname="ch.bbw.junit5.CalculatorTest" time="0.002"/>
  <testcase name="testMultiplyWithZero[2]" classname="ch.bbw.junit5.CalculatorTest" time="0.001"/>
  <testcase name="testMultiplyWithZero[3]" classname="ch.bbw.junit5.CalculatorTest" time="0"/>
  <testcase name="testMultiplyWithZero[4]" classname="ch.bbw.junit5.CalculatorTest" time="0"/>
  <testcase name="testMultiplyWithZero[5]" classname="ch.bbw.junit5.CalculatorTest" time="0.001"/>
</testsuite>