<?xml version="1.0" encoding="UTF-8"?>
<testsuite xmlns:xsi="http://www.w3.org/2001/XMLSchema-instance" xsi:noNamespaceSchemaLocation="https://maven.apache.org/surefire/maven-surefire-plugin/xsd/surefire-test-report.xsd" name="ch.bbw.junit3.TestCalculator3" time="0" tests="2" errors="0" skipped="0" failures="0">
  <properties>
    <property name="java.specification.version" value="15"/>
    <property name="sun.jnu.encoding" value="UTF-8"/>
    <property name="java.class.path" value="/Users/luigicavuoti/Documents/Daten-i-Schulen/i-schulung/module_2020/m226/2_phase_2/workspace_solutions/12_Calculator_junit/target/test-classes:/Users/luigicavuoti/Documents/Daten-i-Schulen/i-schulung/module_2020/m226/2_phase_2/workspace_solutions/12_Calculator_junit/target/classes:/Users/luigicavuoti/.m2/repository/junit/junit/4.12/junit-4.12.jar:/Users/luigicavuoti/.m2/repository/org/hamcrest/hamcrest-core/1.3/hamcrest-core-1.3.jar:/Users/luigicavuoti/.m2/repository/org/junit/jupiter/junit-jupiter-engine/5.7.0/junit-jupiter-engine-5.7.0.jar:/Users/luigicavuoti/.m2/repository/org/apiguardian/apiguardian-api/1.1.0/apiguardian-api-1.1.0.jar:/Users/luigicavuoti/.m2/repository/org/junit/platform/junit-platform-engine/1.7.0/junit-platform-engine-1.7.0.jar:/Users/luigicavuoti/.m2/repository/org/opentest4j/opentest4j/1.2.0/opentest4j-1.2.0.jar:/Users/luigicavuoti/.m2/repository/org/junit/platform/junit-platform-commons/1.7.0/junit-platform-commons-1.7.0.jar:/Users/luigicavuoti/.m2/repository/org/junit/jupiter/junit-jupiter-api/5.7.0/junit-jupiter-api-5.7.0.jar:/Users/luigicavuoti/.m2/repository/org/junit/vintage/junit-vintage-engine/5.8.0-M1/junit-vintage-engine-5.8.0-M1.jar:"/>
    <property name="java.vm.vendor" value="Oracle Corporation"/>
    <property name="sun.arch.data.model" value="64"/>
    <property name="java.vendor.url" value="https://java.oracle.com/"/>
    <property name="os.name" value="Mac OS X"/>
    <property name="java.vm.specification.version" value="15"/>
    <property name="sun.java.launcher" value="SUN_STANDARD"/>
    <property name="user.country" value="CH"/>
    <property name="sun.boot.library.path" value="/Users/luigicavuoti/Library/Java/JavaVirtualMachines/openjdk-15.0.1/Contents/Home/lib"/>
    <property name="sun.java.command" value="/Users/luigicavuoti/Documents/Daten-i-Schulen/i-schulung/module_2020/m226/2_phase_2/workspace_solutions/12_Calculator_junit/target/surefire/surefirebooter17566183254154403727.jar /Users/luigicavuoti/Documents/Daten-i-Schulen/i-schulung/module_2020/m226/2_phase_2/workspace_solutions/12_Calculator_junit/target/surefire 2021-03-14T16-52-56_849-jvmRun1 surefire7210171460728981496tmp surefire_06466865126624772023tmp"/>
    <property name="http.nonProxyHosts" value="local|*.local|169.254/16|*.169.254/16"/>
    <property name="jdk.debug" value="release"/>
    <property name="surefire.test.class.path" value="/Users/luigicavuoti/Documents/Daten-i-Schulen/i-schulung/module_2020/m226/2_phase_2/workspace_solutions/12_Calculator_junit/target/test-classes:/Users/luigicavuoti/Documents/Daten-i-Schulen/i-schulung/module_2020/m226/2_phase_2/workspace_solutions/12_Calculator_junit/target/classes:/Users/luigicavuoti/.m2/repository/junit/junit/4.12/junit-4.12.jar:/Users/luigicavuoti/.m2/repository/org/hamcrest/hamcrest-core/1.3/hamcrest-core-1.3.jar:/Users/luigicavuoti/.m2/repository/org/junit/jupiter/junit-jupiter-engine/5.7.0/junit-jupiter-engine-5.7.0.jar:/Users/luigicavuoti/.m2/repository/org/apiguardian/apiguardian-api/1.1.0/apiguardian-api-1.1.0.jar:/Users/luigicavuoti/.m2/repository/org/junit/platform/junit-platform-engine/1.7.0/junit-platform-engine-1.7.0.jar:/Users/luigicavuoti/.m2/repository/org/opentest4j/opentest4j/1.2.0/opentest4j-1.2.0.jar:/Users/luigicavuoti/.m2/repository/org/junit/platform/junit-platform-commons/1.7.0/junit-platform-commons-1.7.0.jar:/Users/luigicavuoti/.m2/repository/org/junit/jupiter/junit-jupiter-api/5.7.0/junit-jupiter-api-5.7.0.jar:/Users/luigicavuoti/.m2/repository/org/junit/vintage/junit-vintage-engine/5.8.0-M1/junit-vintage-engine-5.8.0-M1.jar:"/>
    <property name="sun.cpu.endian" value="little"/>
    <property name="user.home" value="/Users/luigicavuoti"/>
    <property name="user.language" value="de"/>
    <property name="java.specification.vendor" value="Oracle Corporation"/>
    <property name="java.version.date" value="2020-10-20"/>
    <property name="java.home" value="/Users/luigicavuoti/Library/Java/JavaVirtualMachines/openjdk-15.0.1/Contents/Home"/>
    <property name="file.separator" value="/"/>
    <property name="basedir" value="/Users/luigicavuoti/Documents/Daten-i-Schulen/i-schulung/module_2020/m226/2_phase_2/workspace_solutions/12_Calculator_junit"/>
    <property name="java.vm.compressedOopsMode" value="Zero based"/>
    <property name="line.separator" value="&#10;"/>
    <property name="java.specification.name" value="Java Platform API Specification"/>
    <property name="java.vm.specification.vendor" value="Oracle Corporation"/>
    <property name="surefire.real.class.path" value="/Users/luigicavuoti/Documents/Daten-i-Schulen/i-schulung/module_2020/m226/2_phase_2/workspace_solutions/12_Calculator_junit/target/surefire/surefirebooter17566183254154403727.jar"/>
    <property name="sun.management.compiler" value="HotSpot 64-Bit Tiered Compilers"/>
    <property name="ftp.nonProxyHosts" value="local|*.local|169.254/16|*.169.254/16"/>
    <property name="java.runtime.version" value="15.0.1+9-18"/>
    <property name="user.name" value="luigicavuoti"/>
    <property name="path.separator" value=":"/>
    <property name="os.version" value="10.16"/>
    <property name="java.runtime.name" value="OpenJDK Runtime Environment"/>
    <property name="file.encoding" value="UTF-8"/>
    <property name="java.vm.name" value="OpenJDK 64-Bit Server VM"/>
    <property name="localRepository" value="/Users/luigicavuoti/.m2/repository"/>
    <property name="java.vendor.url.bug" value="https://bugreport.java.com/bugreport/"/>
    <property name="java.io.tmpdir" value="/var/folders/dg/s_cnn3kx4jj6rs53r9yn75kh0000gn/T/"/>
    <property name="idea.version" value="2020.3.2"/>
    <property name="java.version" value="15.0.1"/>
    <property name="user.dir" value="/Users/luigicavuoti/Documents/Daten-i-Schulen/i-schulung/module_2020/m226/2_phase_2/workspace_solutions/12_Calculator_junit"/>
    <property name="os.arch" value="x86_64"/>
    <property name="java.vm.specification.name" value="Java Virtual Machine Specification"/>
    <property name="java.library.path" value="/Users/luigicavuoti/Library/Java/Extensions:/Library/Java/Extensions:/Network/Library/Java/Extensions:/System/Library/Java/Extensions:/usr/lib/java:."/>
    <property name="java.vm.info" value="mixed mode, sharing"/>
    <property name="java.vendor" value="Oracle Corporation"/>
    <property name="java.vm.version" value="15.0.1+9-18"/>
    <property name="sun.io.unicode.encoding" value="UnicodeBig"/>
    <property name="socksNonProxyHosts" value="local|*.local|169.254/16|*.169.254/16"/>
    <property name="java.class.version" value="59.0"/>
  </properties>
  <testcase name="testAdd" classname="ch.bbw.junit3.TestCalculator3" time="0"/>
  <testcase name="testSubtrakt" classname="ch.bbw.junit3.TestCalculator3" time="0"/>
</testsuite>